<?xml version="1.0" encoding="UTF-8"?>
<!-- Generated by org.testng.reporters.JUnitReportReporter -->
<testsuite hostname="CSCO-W-PF2S3RFA" failures="0" tests="1" name="oAuth.oAuthRequest" time="4.223" errors="0" timestamp="25 Dec 2021 11:28:33 GMT" skipped="0">
  <testcase classname="oAuth.oAuthRequest" name="PostCall" time="4.223"/>
</testsuite> <!-- oAuth.oAuthRequest -->
