<?xml version="1.0" encoding="UTF-8"?>
<!-- Generated by org.testng.reporters.JUnitReportReporter -->
<testsuite hostname="CSCO-W-PF2S3RFA" failures="0" tests="1" name="restAPI.PostCallWithJSONFile" time="3.361" errors="0" timestamp="25 Dec 2021 10:09:37 GMT" skipped="0">
  <testcase classname="restAPI.PostCallWithJSONFile" name="PostCall" time="3.361"/>
</testsuite> <!-- restAPI.PostCallWithJSONFile -->
