<?xml version="1.0" encoding="UTF-8"?>
<!-- Generated by org.testng.reporters.JUnitReportReporter -->
<testsuite hostname="CSCO-W-PF2S3RFA" failures="0" tests="1" name="restAPI.PutRequest" time="3.096" errors="0" timestamp="25 Dec 2021 10:12:58 GMT" skipped="0">
  <testcase classname="restAPI.PutRequest" name="PutCall" time="3.096"/>
</testsuite> <!-- restAPI.PutRequest -->
