<?xml version="1.0" encoding="UTF-8"?>
<!-- Generated by org.testng.reporters.JUnitReportReporter -->
<testsuite hostname="CSCO-W-PF2S3RFA" failures="0" tests="1" name="restAPI.DeleteRequest" time="2.181" errors="0" timestamp="25 Dec 2021 10:19:02 GMT" skipped="0">
  <testcase classname="restAPI.DeleteRequest" name="DeleteCall" time="2.181"/>
</testsuite> <!-- restAPI.DeleteRequest -->
