<?xml version="1.0" encoding="UTF-8"?>
<!-- Generated by org.testng.reporters.JUnitReportReporter -->
<testsuite hostname="CSCO-W-PF2S3RFA" failures="0" tests="1" name="RestAPIBDD.PutRequest" time="2.925" errors="0" timestamp="25 Dec 2021 11:16:30 GMT" skipped="0">
  <testcase classname="RestAPIBDD.PutRequest" name="PutCall" time="2.925"/>
</testsuite> <!-- RestAPIBDD.PutRequest -->
