<?xml version="1.0" encoding="UTF-8"?>
<!-- Generated by org.testng.reporters.JUnitReportReporter -->
<testsuite hostname="CSCO-W-PF2S3RFA" failures="0" tests="1" name="RestAPIBDD.GetRequest" time="3.238" errors="0" timestamp="25 Dec 2021 11:07:03 GMT" skipped="0">
  <testcase classname="RestAPIBDD.GetRequest" name="GetCall" time="3.238"/>
</testsuite> <!-- RestAPIBDD.GetRequest -->
