<?xml version="1.0" encoding="UTF-8"?>
<!-- Generated by org.testng.reporters.JUnitReportReporter -->
<testsuite hostname="CSCO-W-PF2S3RFA" failures="0" tests="1" name="RestAPIBDD.DeleteRequest" time="2.663" errors="0" timestamp="25 Dec 2021 11:18:08 GMT" skipped="0">
  <testcase classname="RestAPIBDD.DeleteRequest" name="Deletecall" time="2.663"/>
</testsuite> <!-- RestAPIBDD.DeleteRequest -->
