<?xml version="1.0" encoding="UTF-8"?>
<!-- Generated by org.testng.reporters.JUnitReportReporter -->
<testsuite hostname="CSCO-W-PF2S3RFA" failures="0" tests="1" name="restAPI.PostRequestWithMap" time="2.885" errors="0" timestamp="25 Dec 2021 09:44:42 GMT" skipped="0">
  <testcase classname="restAPI.PostRequestWithMap" name="Postcall" time="2.885"/>
</testsuite> <!-- restAPI.PostRequestWithMap -->
