<?xml version="1.0" encoding="UTF-8"?>
<!-- Generated by org.testng.reporters.JUnitReportReporter -->
<testsuite hostname="CSCO-W-PF2S3RFA" failures="0" tests="1" name="restAPI.GetRequestWithParam" time="3.152" errors="0" timestamp="25 Dec 2021 09:33:42 GMT" skipped="0">
  <testcase classname="restAPI.GetRequestWithParam" name="GetCall" time="3.152"/>
</testsuite> <!-- restAPI.GetRequestWithParam -->
