<?xml version="1.0" encoding="UTF-8"?>
<!-- Generated by org.testng.reporters.JUnitReportReporter -->
<testsuite hostname="CSCO-W-PF2S3RFA" failures="0" tests="1" name="RestAPIBDD.PostRequest" time="3.013" errors="0" timestamp="25 Dec 2021 11:12:48 GMT" skipped="0">
  <testcase classname="RestAPIBDD.PostRequest" name="PostCall" time="3.013"/>
</testsuite> <!-- RestAPIBDD.PostRequest -->
