<?xml version="1.0" encoding="UTF-8"?>
<!-- Generated by org.testng.reporters.JUnitReportReporter -->
<testsuite hostname="CSCO-W-PF2S3RFA" failures="0" tests="1" name="restAPI.GetRequest" time="2.240" errors="0" timestamp="25 Dec 2021 10:13:58 GMT" skipped="0">
  <testcase classname="restAPI.GetRequest" name="GetCall" time="2.240"/>
</testsuite> <!-- restAPI.GetRequest -->
