<?xml version="1.0" encoding="UTF-8"?>
<!-- Generated by org.testng.reporters.JUnitReportReporter -->
<testsuite hostname="CSCO-W-PF2S3RFA" failures="0" tests="1" name="restAPI.PostRequest" time="2.602" errors="0" timestamp="25 Dec 2021 09:37:52 GMT" skipped="0">
  <testcase classname="restAPI.PostRequest" name="PostCall" time="2.602"/>
</testsuite> <!-- restAPI.PostRequest -->
