<?xml version="1.0" encoding="UTF-8"?>
<!-- Generated by org.testng.reporters.JUnitReportReporter -->
<testsuite hostname="CSCO-W-PF2S3RFA" failures="0" tests="1" name="RestAPIChaining.EndToEndTest" time="3.894" errors="0" timestamp="25 Dec 2021 10:46:21 GMT" skipped="0">
  <testcase classname="RestAPIChaining.EndToEndTest" name="test1" time="3.894"/>
</testsuite> <!-- RestAPIChaining.EndToEndTest -->
